0 info it worked if it ends with ok
1 verbose cli [ 'node', '/usr/local/bin/npm', 'install', 'underscore' ]
2 info using npm@1.4.28
3 info using node@v0.10.33
4 warn package.json ybox@1.0.0 No repository field.
5 warn package.json ybox@1.0.0 No README data
6 verbose readDependencies using package.json deps
7 verbose cache add [ 'underscore', null ]
8 verbose cache add name=undefined spec="underscore" args=["underscore",null]
9 verbose parsed url { protocol: null,
9 verbose parsed url   slashes: null,
9 verbose parsed url   auth: null,
9 verbose parsed url   host: null,
9 verbose parsed url   port: null,
9 verbose parsed url   hostname: null,
9 verbose parsed url   hash: null,
9 verbose parsed url   search: null,
9 verbose parsed url   query: null,
9 verbose parsed url   pathname: 'underscore',
9 verbose parsed url   path: 'underscore',
9 verbose parsed url   href: 'underscore' }
10 silly lockFile 64bc6893-underscore underscore
11 verbose lock underscore /Users/Yusske/.npm/64bc6893-underscore.lock
12 silly lockFile 64bc6893-underscore underscore
13 silly lockFile 64bc6893-underscore underscore
14 verbose addNamed [ 'underscore', '' ]
15 verbose addNamed [ null, '*' ]
16 silly lockFile 7629b758-underscore underscore@
17 verbose lock underscore@ /Users/Yusske/.npm/7629b758-underscore.lock
18 silly addNameRange { name: 'underscore', range: '*', hasData: false }
19 verbose request where is /underscore
20 verbose request registry https://registry.npmjs.org/
21 verbose request id bfa636e31719b3e4
22 verbose url raw /underscore
23 verbose url resolving [ 'https://registry.npmjs.org/', './underscore' ]
24 verbose url resolved https://registry.npmjs.org/underscore
25 verbose request where is https://registry.npmjs.org/underscore
26 info trying registry request attempt 1 at 18:43:35
27 verbose etag "3N8T5TY6ZQTAKJT9KS755FYPK"
28 http GET https://registry.npmjs.org/underscore
29 http 304 https://registry.npmjs.org/underscore
30 silly registry.get cb [ 304,
30 silly registry.get   { date: 'Wed, 04 Mar 2015 23:43:35 GMT',
30 silly registry.get     server: 'Apache',
30 silly registry.get     via: '1.1 varnish',
30 silly registry.get     'last-modified': 'Wed, 04 Mar 2015 23:42:52 GMT',
30 silly registry.get     'cache-control': 'max-age=60',
30 silly registry.get     etag: '"3N8T5TY6ZQTAKJT9KS755FYPK"',
30 silly registry.get     age: '44',
30 silly registry.get     'x-served-by': 'cache-jfk1031-JFK',
30 silly registry.get     'x-cache': 'HIT',
30 silly registry.get     'x-cache-hits': '4',
30 silly registry.get     'x-timer': 'S1425512615.995920,VS0,VE0',
30 silly registry.get     vary: 'Accept',
30 silly registry.get     'content-length': '0',
30 silly registry.get     'keep-alive': 'timeout=10, max=50',
30 silly registry.get     connection: 'Keep-Alive' } ]
31 verbose etag https://registry.npmjs.org/underscore from cache
32 silly addNameRange number 2 { name: 'underscore', range: '*', hasData: true }
33 silly addNameRange versions [ 'underscore',
33 silly addNameRange   [ '1.0.3',
33 silly addNameRange     '1.0.4',
33 silly addNameRange     '1.1.0',
33 silly addNameRange     '1.1.1',
33 silly addNameRange     '1.1.2',
33 silly addNameRange     '1.1.3',
33 silly addNameRange     '1.1.4',
33 silly addNameRange     '1.1.5',
33 silly addNameRange     '1.1.6',
33 silly addNameRange     '1.1.7',
33 silly addNameRange     '1.2.0',
33 silly addNameRange     '1.2.1',
33 silly addNameRange     '1.2.2',
33 silly addNameRange     '1.2.3',
33 silly addNameRange     '1.2.4',
33 silly addNameRange     '1.3.0',
33 silly addNameRange     '1.3.1',
33 silly addNameRange     '1.3.2',
33 silly addNameRange     '1.3.3',
33 silly addNameRange     '1.4.0',
33 silly addNameRange     '1.4.1',
33 silly addNameRange     '1.4.2',
33 silly addNameRange     '1.4.3',
33 silly addNameRange     '1.4.4',
33 silly addNameRange     '1.5.0',
33 silly addNameRange     '1.5.1',
33 silly addNameRange     '1.5.2',
33 silly addNameRange     '1.6.0',
33 silly addNameRange     '1.7.0',
33 silly addNameRange     '1.8.0',
33 silly addNameRange     '1.8.1',
33 silly addNameRange     '1.8.2' ] ]
34 verbose addNamed [ 'underscore', '1.8.2' ]
35 verbose addNamed [ '1.8.2', '1.8.2' ]
36 silly lockFile 004e52f6-underscore-1-8-2 underscore@1.8.2
37 verbose lock underscore@1.8.2 /Users/Yusske/.npm/004e52f6-underscore-1-8-2.lock
38 silly lockFile 922b9b3e--underscore-underscore-1-8-2-tgz https://registry.npmjs.org/underscore/-/underscore-1.8.2.tgz
39 verbose lock https://registry.npmjs.org/underscore/-/underscore-1.8.2.tgz /Users/Yusske/.npm/922b9b3e--underscore-underscore-1-8-2-tgz.lock
40 verbose addRemoteTarball [ 'https://registry.npmjs.org/underscore/-/underscore-1.8.2.tgz',
40 verbose addRemoteTarball   '64df2eb590899de950782f3735190ba42ebf311d' ]
41 info retry fetch attempt 1 at 18:43:36
42 verbose fetch to= /var/folders/qy/wyyxnv9s09gfhm32vx61_qpm0000gn/T/npm-4751-3jPNWPld/registry.npmjs.org/underscore/-/underscore-1.8.2.tgz
43 http GET https://registry.npmjs.org/underscore/-/underscore-1.8.2.tgz
44 http 200 https://registry.npmjs.org/underscore/-/underscore-1.8.2.tgz
45 silly lockFile 922b9b3e--underscore-underscore-1-8-2-tgz https://registry.npmjs.org/underscore/-/underscore-1.8.2.tgz
46 silly lockFile 922b9b3e--underscore-underscore-1-8-2-tgz https://registry.npmjs.org/underscore/-/underscore-1.8.2.tgz
47 silly lockFile 004e52f6-underscore-1-8-2 underscore@1.8.2
48 silly lockFile 004e52f6-underscore-1-8-2 underscore@1.8.2
49 silly lockFile 7629b758-underscore underscore@
50 silly lockFile 7629b758-underscore underscore@
51 error Error: EACCES, mkdir '/Users/Yusske/.npm/underscore/1.8.2'
51 error  { [Error: EACCES, mkdir '/Users/Yusske/.npm/underscore/1.8.2']
51 error   errno: 3,
51 error   code: 'EACCES',
51 error   path: '/Users/Yusske/.npm/underscore/1.8.2',
51 error   parent: 'ybox' }
52 error Please try running this command again as root/Administrator.
53 error System Darwin 14.0.0
54 error command "node" "/usr/local/bin/npm" "install" "underscore"
55 error cwd /Users/Yusske/Documents/AppsDev/ybox
56 error node -v v0.10.33
57 error npm -v 1.4.28
58 error path /Users/Yusske/.npm/underscore/1.8.2
59 error code EACCES
60 error errno 3
61 error stack Error: EACCES, mkdir '/Users/Yusske/.npm/underscore/1.8.2'
62 verbose exit [ 3, true ]
